#
# There is insufficient memory for the Java Runtime Environment to continue.
# Native memory allocation (malloc) failed to allocate 1048576 bytes for AllocateHeap
# Possible reasons:
#   The system is out of physical RAM or swap space
#   The process is running with CompressedOops enabled, and the Java Heap may be blocking the growth of the native heap
# Possible solutions:
#   Reduce memory load on the system
#   Increase physical memory or swap space
#   Check if swap backing store is full
#   Decrease Java heap size (-Xmx/-Xms)
#   Decrease number of Java threads
#   Decrease Java thread stack sizes (-Xss)
#   Set larger code cache with -XX:ReservedCodeCacheSize=
#   JVM is running with Unscaled Compressed Oops mode in which the Java heap is
#     placed in the first 4GB address space. The Java Heap base address is the
#     maximum limit for the native heap growth. Please use -XX:HeapBaseMinAddress
#     to set the Java Heap base and to place the Java Heap above 4GB virtual address.
# This output file may be truncated or incomplete.
#
#  Out of Memory Error (memory/allocation.inline.hpp:61), pid=4848, tid=0x0000000000002b64
#
# JRE version:  (8.0_261-b12) (build )
# Java VM: Java HotSpot(TM) 64-Bit Server VM (25.261-b12 mixed mode windows-amd64 compressed oops)
# Failed to write core dump. Minidumps are not enabled by default on client versions of Windows
#

---------------  T H R E A D  ---------------

Current thread (0x000001e06302a800):  JavaThread "Unknown thread" [_thread_in_vm, id=11108, stack(0x000000aebea00000,0x000000aebeb00000)]

Stack: [0x000000aebea00000,0x000000aebeb00000]
Native frames: (J=compiled Java code, j=interpreted, Vv=VM code, C=native code)
V  [jvm.dll+0x33e5f9]


---------------  P R O C E S S  ---------------

Java Threads: ( => current thread )

Other Threads:

=>0x000001e06302a800 (exited) JavaThread "Unknown thread" [_thread_in_vm, id=11108, stack(0x000000aebea00000,0x000000aebeb00000)]

VM state:not at safepoint (normal execution)

VM Mutex/Monitor currently owned by a thread: None

heap address: 0x0000000081400000, size: 2028 MB, Compressed Oops mode: 32-bit
Narrow klass base: 0x0000000000000000, Narrow klass shift: 3
Compressed class space size: 1073741824 Address: 0x0000000100000000

Heap:
 PSYoungGen      total 38400K, used 665K [0x00000000d5c00000, 0x00000000d8680000, 0x0000000100000000)
  eden space 33280K, 2% used [0x00000000d5c00000,0x00000000d5ca6670,0x00000000d7c80000)
  from space 5120K, 0% used [0x00000000d8180000,0x00000000d8180000,0x00000000d8680000)
  to   space 5120K, 0% used [0x00000000d7c80000,0x00000000d7c80000,0x00000000d8180000)
 ParOldGen       total 87552K, used 0K [0x0000000081400000, 0x0000000086980000, 0x00000000d5c00000)
  object space 87552K, 0% used [0x0000000081400000,0x0000000081400000,0x0000000086980000)
 Metaspace       used 776K, capacity 4480K, committed 4480K, reserved 1056768K
  class space    used 76K, capacity 384K, committed 384K, reserved 1048576K

Card table byte_map: [0x000001e073e10000,0x000001e074210000] byte_map_base: 0x000001e073a06000

Marking Bits: (ParMarkBitMap*) 0x0000000059964fb0
 Begin Bits: [0x000001e0744c0000, 0x000001e076470000)
 End Bits:   [0x000001e076470000, 0x000001e078420000)

Polling page: 0x000001e063200000

CodeCache: size=245760Kb used=328Kb max_used=328Kb free=245431Kb
 bounds [0x000001e064a50000, 0x000001e064cc0000, 0x000001e073a50000]
 total_blobs=58 nmethods=0 adapters=38
 compilation: enabled

Compilation events (0 events):
No events

GC Heap History (0 events):
No events

Deoptimization events (0 events):
No events

Classes redefined (0 events):
No events

Internal exceptions (0 events):
No events

Events (10 events):
Event: 0.038 loading class java/lang/Short
Event: 0.038 loading class java/lang/Short done
Event: 0.038 loading class java/lang/Integer
Event: 0.038 loading class java/lang/Integer done
Event: 0.038 loading class java/lang/Long
Event: 0.038 loading class java/lang/Long done
Event: 0.039 loading class java/lang/NullPointerException
Event: 0.040 loading class java/lang/NullPointerException done
Event: 0.040 loading class java/lang/ArithmeticException
Event: 0.040 loading class java/lang/ArithmeticException done


Dynamic libraries:
0x00007ff775ff0000 - 0x00007ff776037000 	C:\Program Files\Java\jdk1.8.0_261\bin\java.exe
0x00007ffaeb550000 - 0x00007ffaeb745000 	C:\WINDOWS\SYSTEM32\ntdll.dll
0x00007ffaeaea0000 - 0x00007ffaeaf5e000 	C:\WINDOWS\System32\KERNEL32.DLL
0x00007ffae8e60000 - 0x00007ffae9129000 	C:\WINDOWS\System32\KERNELBASE.dll
0x00007ffaeabe0000 - 0x00007ffaeac8c000 	C:\WINDOWS\System32\ADVAPI32.dll
0x00007ffaea430000 - 0x00007ffaea4ce000 	C:\WINDOWS\System32\msvcrt.dll
0x00007ffaea250000 - 0x00007ffaea2eb000 	C:\WINDOWS\System32\sechost.dll
0x00007ffaea120000 - 0x00007ffaea24a000 	C:\WINDOWS\System32\RPCRT4.dll
0x00007ffae9e20000 - 0x00007ffae9fc1000 	C:\WINDOWS\System32\USER32.dll
0x00007ffae9570000 - 0x00007ffae9592000 	C:\WINDOWS\System32\win32u.dll
0x00007ffaea0f0000 - 0x00007ffaea11b000 	C:\WINDOWS\System32\GDI32.dll
0x00007ffae8c70000 - 0x00007ffae8d7b000 	C:\WINDOWS\System32\gdi32full.dll
0x00007ffae9130000 - 0x00007ffae91cd000 	C:\WINDOWS\System32\msvcp_win.dll
0x00007ffae91d0000 - 0x00007ffae92d0000 	C:\WINDOWS\System32\ucrtbase.dll
0x00007ffad6550000 - 0x00007ffad67ea000 	C:\WINDOWS\WinSxS\amd64_microsoft.windows.common-controls_6595b64144ccf1df_6.0.19041.1110_none_60b5254171f9507e\COMCTL32.dll
0x00007ffae9df0000 - 0x00007ffae9e20000 	C:\WINDOWS\System32\IMM32.DLL
0x00007ffadec50000 - 0x00007ffadec65000 	C:\Program Files\Java\jdk1.8.0_261\jre\bin\vcruntime140.dll
0x00007ffad0e80000 - 0x00007ffad0f1b000 	C:\Program Files\Java\jdk1.8.0_261\jre\bin\msvcp140.dll
0x0000000059170000 - 0x00000000599dc000 	C:\Program Files\Java\jdk1.8.0_261\jre\bin\server\jvm.dll
0x00007ffae9dd0000 - 0x00007ffae9dd8000 	C:\WINDOWS\System32\PSAPI.DLL
0x00007ffad6430000 - 0x00007ffad6439000 	C:\WINDOWS\SYSTEM32\WSOCK32.dll
0x00007ffad6a00000 - 0x00007ffad6a27000 	C:\WINDOWS\SYSTEM32\WINMM.dll
0x00007ffaea660000 - 0x00007ffaea6cb000 	C:\WINDOWS\System32\WS2_32.dll
0x00007ffad6010000 - 0x00007ffad601a000 	C:\WINDOWS\SYSTEM32\VERSION.dll
0x00007ffae6b70000 - 0x00007ffae6b82000 	C:\WINDOWS\SYSTEM32\kernel.appcore.dll
0x00007ffae0220000 - 0x00007ffae0230000 	C:\Program Files\Java\jdk1.8.0_261\jre\bin\verify.dll
0x00007ffad0e50000 - 0x00007ffad0e7b000 	C:\Program Files\Java\jdk1.8.0_261\jre\bin\java.dll
0x00007ffad10a0000 - 0x00007ffad10d2000 	C:\Program Files\Java\jdk1.8.0_261\jre\bin\instrument.dll
0x00007ffadd2e0000 - 0x00007ffadd2f8000 	C:\Program Files\Java\jdk1.8.0_261\jre\bin\zip.dll

VM Arguments:
jvm_args: -javaagent:C:\Program Files\JetBrains\IntelliJ IDEA Community Edition 2020.2.2\lib\idea_rt.jar=55794:C:\Program Files\JetBrains\IntelliJ IDEA Community Edition 2020.2.2\bin -Dfile.encoding=UTF-8 
java_command: dictionary.MainKt
java_class_path (initial): C:\Program Files\Java\jdk1.8.0_261\jre\lib\charsets.jar;C:\Program Files\Java\jdk1.8.0_261\jre\lib\deploy.jar;C:\Program Files\Java\jdk1.8.0_261\jre\lib\ext\access-bridge-64.jar;C:\Program Files\Java\jdk1.8.0_261\jre\lib\ext\cldrdata.jar;C:\Program Files\Java\jdk1.8.0_261\jre\lib\ext\dnsns.jar;C:\Program Files\Java\jdk1.8.0_261\jre\lib\ext\jaccess.jar;C:\Program Files\Java\jdk1.8.0_261\jre\lib\ext\jfxrt.jar;C:\Program Files\Java\jdk1.8.0_261\jre\lib\ext\localedata.jar;C:\Program Files\Java\jdk1.8.0_261\jre\lib\ext\nashorn.jar;C:\Program Files\Java\jdk1.8.0_261\jre\lib\ext\sunec.jar;C:\Program Files\Java\jdk1.8.0_261\jre\lib\ext\sunjce_provider.jar;C:\Program Files\Java\jdk1.8.0_261\jre\lib\ext\sunmscapi.jar;C:\Program Files\Java\jdk1.8.0_261\jre\lib\ext\sunpkcs11.jar;C:\Program Files\Java\jdk1.8.0_261\jre\lib\ext\zipfs.jar;C:\Program Files\Java\jdk1.8.0_261\jre\lib\javaws.jar;C:\Program Files\Java\jdk1.8.0_261\jre\lib\jce.jar;C:\Program Files\Java\jdk1.8.0_261\jre\lib\jfr.jar;C:\Program Files\Java\jdk1.8.0_261\jre\lib\jfxswt.jar;C:\Program Files\Java\jdk1.8.0_261\jre\lib\jsse.jar;C:\Program Files\Java\jdk1.8.0_261\jre\lib\management-agent.jar;C:\Program Files\Java\jdk1.8.0_261\jre\lib\plugin.jar;C:\Program Files\Java\jdk1.8.0_261\jre\lib\resources.jar;C:\Program Files\Java\jdk1.8.0_261\jre\lib\rt.jar;C:\Kotlin2.0\out\production\Lab02;C:\Users\Szilard\AppData\Roaming\JetBrains\IdeaIC2020.2\plugins\Kotlin\kotlinc\lib\kotlin-stdlib.jar;C:\Users\Szilard\AppData\Roaming\JetBrains\IdeaIC2020.2\plugins\Kotlin\kotlinc\lib\kotlin-reflect.jar;C:\Users\Szilard\AppData\Roaming\JetBrains\IdeaIC2020.2\plugins\Kotlin\kotlinc\lib\kotlin-test.jar;C:\Users\Szilard\AppData\Roaming\JetBrains\IdeaIC2020.2\plugins\Kotlin\kotlinc\lib\kotlin-stdlib-jdk7.jar;C:\Users\Szilard\AppData\Roaming\JetBrains\IdeaIC2020.2\plugins\Kotlin\kotlinc\lib\kotlin-stdlib-jdk8.jar;C:\Program Files\JetBrains\IntelliJ IDEA Community Edition 2020.2.2\lib\idea_rt.jar
Launcher Type: SUN_STANDARD

Environment Variables:
PATH=C:\Program Files (x86)\Common Files\Oracle\Java\javapath;C:\ProgramData\Oracle\Java\javapath;C:\Program Files\Haskell\bin;C:\Program Files\Haskell Platform\8.6.5\lib\extralibs\bin;C:\Program Files\Haskell Platform\8.6.5\bin;C:\WINDOWS\system32;C:\WINDOWS;C:\WINDOWS\System32\Wbem;C:\WINDOWS\System32\WindowsPowerShell\v1.0\;C:\WINDOWS\System32\OpenSSH\;D:\Matlab\runtime\win64;D:\Matlab\bin;C:\Program Files\PuTTY\;C:\Program Files\Haskell Platform\8.6.5\mingw\bin;C:\Program Files\Microsoft SQL Server\Client SDK\ODBC\130\Tools\Binn\;C:\Program Files (x86)\Microsoft SQL Server\140\Tools\Binn\;C:\Program Files\Microsoft SQL Server\140\Tools\Binn\;C:\Program Files\Microsoft SQL Server\140\DTS\Binn\;C:\Program Files\Elastic\Elasticsearch\7.9.2\bin;D:\kibana-7.9.2-windows-x86_64\bin;D:\Git\cmd;C:\Program Files\dotnet\;C:\Users\Olivér\AppData\Roaming\cabal\bin;C:\Users\Olivér\AppData\Roaming\local\bin;C:\Users\Szilard\AppData\Local\Microsoft\WindowsApps;C:\Users\Olivér\AppData\Local\Programs\Microsoft VS Code\bin;C:\Program Files (x86)\mingw-w64\i686-8.1.0-posix-dwarf-rt_v6-rev0\mingw32\bin;;C:\Program Files\JetBrains\IntelliJ IDEA Community Edition 2020.2.2\bin;;D:\Program Files (x86)\PyCharm Community Edition 2020.2.3\bin;;C:\Users\Szilard\.dotnet\tools
USERNAME=Szilard
OS=Windows_NT
PROCESSOR_IDENTIFIER=Intel64 Family 6 Model 60 Stepping 3, GenuineIntel



---------------  S Y S T E M  ---------------

OS: Windows 10.0 , 64 bit Build 19041 (10.0.19041.1202)

CPU:total 4 (initial active 4) (2 cores per cpu, 2 threads per core) family 6 model 60 stepping 3, cmov, cx8, fxsr, mmx, sse, sse2, sse3, ssse3, sse4.1, sse4.2, popcnt, avx, avx2, aes, clmul, erms, lzcnt, ht, tsc, tscinvbit, bmi1, bmi2

Memory: 4k page, physical 8299628k(962216k free), swap 8299628k(5120k free)

vm_info: Java HotSpot(TM) 64-Bit Server VM (25.261-b12) for windows-amd64 JRE (1.8.0_261-b12), built on Jun 18 2020 06:56:32 by "" with unknown MS VC++:1916

time: Tue Oct  5 22:23:36 2021
timezone: GTB Daylight Time
elapsed time: 0 seconds (0d 0h 0m 0s)

